<?xml version="1.0" encoding="UTF-8"?>
<!-- Generated by org.testng.reporters.JUnitXMLReporter -->
<testsuite ignored="0" hostname="DESKTOP-DTHB6OH" failures="0" tests="6" name="Test" time="70.34" errors="0" timestamp="2023-10-11T13:02:55 IST">
  <testcase classname="com.swaglabs.testcases.TC_LoginPageTest" name="verifyLoginWithInValidCredentials" time="9.803"/>
  <testcase classname="com.swaglabs.testcases.TC_LoginPageTest" name="verifyLoginWithInValidCredentials" time="9.616"/>
  <testcase classname="com.swaglabs.testcases.TC_LoginPageTest" name="verifyLoginWithInValidCredentials" time="9.7"/>
  <testcase classname="com.swaglabs.testcases.TC_ProductPageTest" name="verifyLoginWithValidCredentials" time="4.822"/>
  <testcase classname="com.swaglabs.testcases.TC_ProductPageTest" name="verifyCartFunctionality" time="9.962"/>
  <testcase classname="com.swaglabs.testcases.TC_ProductPageTest" name="verifyInformationpage" time="7.305"/>
</testsuite> <!-- Test -->
