<?xml version="1.0" encoding="UTF-8"?>
<!-- Generated by org.testng.reporters.JUnitXMLReporter -->
<testsuite ignored="0" hostname="DESKTOP-DTHB6OH" failures="0" tests="3" name="Default test" time="57.426" errors="0" timestamp="2023-10-11T12:34:37 IST">
  <testcase classname="com.swaglabs.testcases.TC_InformationPageTest" name="verifyLoginWithValidCredentials" time="11.383"/>
  <testcase classname="com.swaglabs.testcases.TC_InformationPageTest" name="verifyCartFunctionality" time="10.186"/>
  <testcase classname="com.swaglabs.testcases.TC_InformationPageTest" name="verifyInformationpage" time="7.986"/>
</testsuite> <!-- Default test -->
