<?xml version="1.0" encoding="UTF-8"?>
<testng-results ignored="0" total="6" passed="6" failed="0" skipped="0">
  <reporter-output>
  </reporter-output>
  <suite started-at="2023-10-11T13:01:45 IST" name="Suite" finished-at="2023-10-11T13:02:55 IST" duration-ms="70340">
    <groups>
    </groups>
    <test started-at="2023-10-11T13:01:45 IST" name="Test" finished-at="2023-10-11T13:02:55 IST" duration-ms="70340">
      <class name="com.swaglabs.testcases.TC_LoginPageTest">
        <test-method is-config="true" signature="setup()[pri:0, instance:com.swaglabs.testcases.TC_LoginPageTest@7dcf94f8]" started-at="2023-10-11T13:01:45 IST" name="setup" finished-at="2023-10-11T13:01:56 IST" duration-ms="11005" status="PASS">
          <reporter-output>
          </reporter-output>
        </test-method> <!-- setup -->
        <test-method signature="verifyLoginWithInValidCredentials(java.lang.String,java.lang.String)[pri:1, instance:com.swaglabs.testcases.TC_LoginPageTest@7dcf94f8]" started-at="2023-10-11T13:01:57 IST" name="verifyLoginWithInValidCredentials" data-provider="LoginData" finished-at="2023-10-11T13:02:07 IST" duration-ms="9803" status="PASS">
          <params>
            <param index="0">
              <value>
                <![CDATA[locked_out_user1]]>
              </value>
            </param>
            <param index="1">
              <value>
                <![CDATA[secret_sauce]]>
              </value>
            </param>
          </params>
          <reporter-output>
          </reporter-output>
        </test-method> <!-- verifyLoginWithInValidCredentials -->
        <test-method signature="verifyLoginWithInValidCredentials(java.lang.String,java.lang.String)[pri:1, instance:com.swaglabs.testcases.TC_LoginPageTest@7dcf94f8]" started-at="2023-10-11T13:02:07 IST" name="verifyLoginWithInValidCredentials" data-provider="LoginData" finished-at="2023-10-11T13:02:16 IST" duration-ms="9616" status="PASS">
          <params>
            <param index="0">
              <value>
                <![CDATA[problem_user2]]>
              </value>
            </param>
            <param index="1">
              <value>
                <![CDATA[secret_sauce]]>
              </value>
            </param>
          </params>
          <reporter-output>
          </reporter-output>
        </test-method> <!-- verifyLoginWithInValidCredentials -->
        <test-method signature="verifyLoginWithInValidCredentials(java.lang.String,java.lang.String)[pri:1, instance:com.swaglabs.testcases.TC_LoginPageTest@7dcf94f8]" started-at="2023-10-11T13:02:16 IST" name="verifyLoginWithInValidCredentials" data-provider="LoginData" finished-at="2023-10-11T13:02:26 IST" duration-ms="9700" status="PASS">
          <params>
            <param index="0">
              <value>
                <![CDATA[performance_glitch_user4]]>
              </value>
            </param>
            <param index="1">
              <value>
                <![CDATA[secret_sauce]]>
              </value>
            </param>
          </params>
          <reporter-output>
          </reporter-output>
        </test-method> <!-- verifyLoginWithInValidCredentials -->
        <test-method is-config="true" signature="tearDown()[pri:0, instance:com.swaglabs.testcases.TC_LoginPageTest@7dcf94f8]" started-at="2023-10-11T13:02:26 IST" name="tearDown" finished-at="2023-10-11T13:02:27 IST" duration-ms="487" status="PASS">
          <reporter-output>
          </reporter-output>
        </test-method> <!-- tearDown -->
      </class> <!-- com.swaglabs.testcases.TC_LoginPageTest -->
      <class name="com.swaglabs.testcases.TC_ProductPageTest">
        <test-method is-config="true" signature="setup()[pri:0, instance:com.swaglabs.testcases.TC_ProductPageTest@233795b6]" started-at="2023-10-11T13:02:27 IST" name="setup" finished-at="2023-10-11T13:02:32 IST" duration-ms="5920" status="PASS">
          <reporter-output>
          </reporter-output>
        </test-method> <!-- setup -->
        <test-method signature="verifyLoginWithValidCredentials()[pri:1, instance:com.swaglabs.testcases.TC_ProductPageTest@233795b6]" started-at="2023-10-11T13:02:32 IST" name="verifyLoginWithValidCredentials" finished-at="2023-10-11T13:02:37 IST" duration-ms="4822" status="PASS">
          <reporter-output>
          </reporter-output>
        </test-method> <!-- verifyLoginWithValidCredentials -->
        <test-method signature="verifyCartFunctionality()[pri:2, instance:com.swaglabs.testcases.TC_ProductPageTest@233795b6]" started-at="2023-10-11T13:02:37 IST" name="verifyCartFunctionality" finished-at="2023-10-11T13:02:47 IST" duration-ms="9962" status="PASS">
          <reporter-output>
          </reporter-output>
        </test-method> <!-- verifyCartFunctionality -->
        <test-method signature="verifyInformationpage()[pri:3, instance:com.swaglabs.testcases.TC_ProductPageTest@233795b6]" started-at="2023-10-11T13:02:47 IST" name="verifyInformationpage" finished-at="2023-10-11T13:02:55 IST" duration-ms="7305" status="PASS">
          <reporter-output>
          </reporter-output>
        </test-method> <!-- verifyInformationpage -->
        <test-method is-config="true" signature="tearDown()[pri:0, instance:com.swaglabs.testcases.TC_ProductPageTest@233795b6]" started-at="2023-10-11T13:02:55 IST" name="tearDown" finished-at="2023-10-11T13:02:55 IST" duration-ms="548" status="PASS">
          <reporter-output>
          </reporter-output>
        </test-method> <!-- tearDown -->
      </class> <!-- com.swaglabs.testcases.TC_ProductPageTest -->
    </test> <!-- Test -->
  </suite> <!-- Suite -->
</testng-results>
