<?xml version="1.0" encoding="UTF-8"?>
<!-- Generated by org.testng.reporters.JUnitXMLReporter -->
<testsuite ignored="0" hostname="DESKTOP-DTHB6OH" failures="0" tests="2" name="Test" time="128.437" errors="0" timestamp="2023-08-12T18:28:20 IST">
  <testcase classname="com.junkybooks.testcases.TC_ResetPasswordPageTest" name="verifyResetPasswordwithvalidemailID" time="23.93"/>
  <testcase classname="com.junkybooks.testcases.TC_ResetPasswordPageTest" name="verifyResetPasswordwithInvalidemailID" time="14.936"/>
</testsuite> <!-- Test -->
